[Fri Jul 08 16:39:33.781311 2022] [mpm_winnt:notice] [pid 22640:tid 804] AH00455: Apache/2.4.43 (Win32) configured -- resuming normal operations
[Fri Jul 08 16:39:33.782312 2022] [mpm_winnt:notice] [pid 22640:tid 804] AH00456: Server built: Apr 21 2020 13:46:54
[Fri Jul 08 16:39:33.782312 2022] [core:notice] [pid 22640:tid 804] AH00094: Command line: 'C:\\Users\\valen\\AppData\\Roaming\\Local\\lightning-services\\apache-2.4.43+6\\bin\\win32\\bin\\httpd.exe -d C:/Users/valen/AppData/Roaming/Local/lightning-services/apache-2.4.43+6/bin/win32 -D FOREGROUND -f C:\\Users\\valen\\AppData\\Roaming\\Local\\run\\OaDy8fKID\\conf\\apache\\apache2.conf'
[Fri Jul 08 16:39:33.788313 2022] [mpm_winnt:notice] [pid 22640:tid 804] AH00418: Parent: Created child process 15508
[Fri Jul 08 16:39:34.709959 2022] [mpm_winnt:notice] [pid 15508:tid 832] AH00354: Child: Starting 64 worker threads.
[Fri Jul 08 17:08:46.984730 2022] [core:warn] [pid 16020:tid 788] AH00098: pid file C:/Users/valen/AppData/Roaming/Local/run/OaDy8fKID/apache/logs/httpd.pid overwritten -- Unclean shutdown of previous Apache run?
[Fri Jul 08 17:08:46.988236 2022] [mpm_winnt:notice] [pid 16020:tid 788] AH00455: Apache/2.4.43 (Win32) configured -- resuming normal operations
[Fri Jul 08 17:08:46.988236 2022] [mpm_winnt:notice] [pid 16020:tid 788] AH00456: Server built: Apr 21 2020 13:46:54
[Fri Jul 08 17:08:46.988236 2022] [core:notice] [pid 16020:tid 788] AH00094: Command line: 'C:\\Users\\valen\\AppData\\Roaming\\Local\\lightning-services\\apache-2.4.43+6\\bin\\win32\\bin\\httpd.exe -d C:/Users/valen/AppData/Roaming/Local/lightning-services/apache-2.4.43+6/bin/win32 -D FOREGROUND -f C:\\Users\\valen\\AppData\\Roaming\\Local\\run\\OaDy8fKID\\conf\\apache\\apache2.conf'
[Fri Jul 08 17:08:47.015238 2022] [mpm_winnt:notice] [pid 16020:tid 788] AH00418: Parent: Created child process 11132
[Fri Jul 08 17:08:48.044972 2022] [mpm_winnt:notice] [pid 11132:tid 808] AH00354: Child: Starting 64 worker threads.
[Sat Jul 09 16:04:46.490074 2022] [core:warn] [pid 19420:tid 540] AH00098: pid file C:/Users/valen/AppData/Roaming/Local/run/OaDy8fKID/apache/logs/httpd.pid overwritten -- Unclean shutdown of previous Apache run?
[Sat Jul 09 16:04:46.495074 2022] [mpm_winnt:notice] [pid 19420:tid 540] AH00455: Apache/2.4.43 (Win32) configured -- resuming normal operations
[Sat Jul 09 16:04:46.495074 2022] [mpm_winnt:notice] [pid 19420:tid 540] AH00456: Server built: Apr 21 2020 13:46:54
[Sat Jul 09 16:04:46.495074 2022] [core:notice] [pid 19420:tid 540] AH00094: Command line: 'C:\\Users\\valen\\AppData\\Roaming\\Local\\lightning-services\\apache-2.4.43+6\\bin\\win32\\bin\\httpd.exe -d C:/Users/valen/AppData/Roaming/Local/lightning-services/apache-2.4.43+6/bin/win32 -D FOREGROUND -f C:\\Users\\valen\\AppData\\Roaming\\Local\\run\\OaDy8fKID\\conf\\apache\\apache2.conf'
[Sat Jul 09 16:04:46.503075 2022] [mpm_winnt:notice] [pid 19420:tid 540] AH00418: Parent: Created child process 560
[Sat Jul 09 16:04:47.390605 2022] [mpm_winnt:notice] [pid 560:tid 836] AH00354: Child: Starting 64 worker threads.
[Sun Jul 10 13:41:00.130150 2022] [core:warn] [pid 12440:tid 588] AH00098: pid file C:/Users/valen/AppData/Roaming/Local/run/OaDy8fKID/apache/logs/httpd.pid overwritten -- Unclean shutdown of previous Apache run?
[Sun Jul 10 13:41:00.134149 2022] [mpm_winnt:notice] [pid 12440:tid 588] AH00455: Apache/2.4.43 (Win32) configured -- resuming normal operations
[Sun Jul 10 13:41:00.134149 2022] [mpm_winnt:notice] [pid 12440:tid 588] AH00456: Server built: Apr 21 2020 13:46:54
[Sun Jul 10 13:41:00.134149 2022] [core:notice] [pid 12440:tid 588] AH00094: Command line: 'C:\\Users\\valen\\AppData\\Roaming\\Local\\lightning-services\\apache-2.4.43+6\\bin\\win32\\bin\\httpd.exe -d C:/Users/valen/AppData/Roaming/Local/lightning-services/apache-2.4.43+6/bin/win32 -D FOREGROUND -f C:\\Users\\valen\\AppData\\Roaming\\Local\\run\\OaDy8fKID\\conf\\apache\\apache2.conf'
[Sun Jul 10 13:41:00.148151 2022] [mpm_winnt:notice] [pid 12440:tid 588] AH00418: Parent: Created child process 19436
[Sun Jul 10 13:41:00.914212 2022] [mpm_winnt:notice] [pid 19436:tid 836] AH00354: Child: Starting 64 worker threads.
[Mon Jul 11 11:21:26.413737 2022] [core:warn] [pid 6912:tid 860] AH00098: pid file C:/Users/valen/AppData/Roaming/Local/run/OaDy8fKID/apache/logs/httpd.pid overwritten -- Unclean shutdown of previous Apache run?
[Mon Jul 11 11:21:26.417737 2022] [mpm_winnt:notice] [pid 6912:tid 860] AH00455: Apache/2.4.43 (Win32) configured -- resuming normal operations
[Mon Jul 11 11:21:26.417737 2022] [mpm_winnt:notice] [pid 6912:tid 860] AH00456: Server built: Apr 21 2020 13:46:54
[Mon Jul 11 11:21:26.417737 2022] [core:notice] [pid 6912:tid 860] AH00094: Command line: 'C:\\Users\\valen\\AppData\\Roaming\\Local\\lightning-services\\apache-2.4.43+6\\bin\\win32\\bin\\httpd.exe -d C:/Users/valen/AppData/Roaming/Local/lightning-services/apache-2.4.43+6/bin/win32 -D FOREGROUND -f C:\\Users\\valen\\AppData\\Roaming\\Local\\run\\OaDy8fKID\\conf\\apache\\apache2.conf'
[Mon Jul 11 11:21:26.421738 2022] [mpm_winnt:notice] [pid 6912:tid 860] AH00418: Parent: Created child process 22172
[Mon Jul 11 11:21:27.508313 2022] [mpm_winnt:notice] [pid 22172:tid 808] AH00354: Child: Starting 64 worker threads.
